<?xml version="1.0" encoding="UTF-8"?>
<testsuite xmlns:xsi="http://www.w3.org/2001/XMLSchema-instance" xsi:schemaLocation="https://maven.apache.org/surefire/maven-surefire-plugin/xsd/surefire-test-report.xsd" name="runner.RunnerTest" time="18.961" tests="130" errors="0" skipped="0" failures="0">
  <properties>
[...]
</properties>
  <testcase name="Dado que o usuário gostaria de salvar um processo" classname="Cenario: adicionar processo | POST" time="0.003"/>
  <testcase name="E usuário informa vara com o valor igual a &quot;1&quot;" classname="Cenario: adicionar processo | POST" time="0"/>
  <testcase name="E usuário informa numero_processo com o valor igual a &quot;1&quot;" classname="Cenario: adicionar processo | POST" time="0"/>
  <testcase name="E usuário informa natureza  com o valor igual a &quot;Guarda&quot;" classname="Cenario: adicionar processo | POST" time="0"/>
  <testcase name="E usuário informa partes com o valor igual a &quot;Pedro x Livia&quot;" classname="Cenario: adicionar processo | POST" time="0"/>
  <testcase name="E usuário informa urgente com o valor igual a &quot;N&quot;" classname="Cenario: adicionar processo | POST" time="0"/>
  <testcase name="E usuário informa arbitramento com o valor igual a &quot;S&quot;" classname="Cenario: adicionar processo | POST" time="0"/>
  <testcase name="E usuário informa assistente_social com o valor igual a &quot;Lorival&quot;" classname="Cenario: adicionar processo | POST" time="0"/>
  <testcase name="E usuário informa data_entrada  com o valor igual a &quot;12/12/2020&quot;" classname="Cenario: adicionar processo | POST" time="0"/>
  <testcase name="E usuário informa data_saida com o valor igual a &quot;&quot;" classname="Cenario: adicionar processo | POST" time="0.001"/>
  <testcase name="E usuário informa data_agendamento com o valor igual a &quot;&quot;" classname="Cenario: adicionar processo | POST" time="0"/>
  <testcase name="E usuário informa status com o valor igual a &quot;Aguardando&quot;" classname="Cenario: adicionar processo | POST" time="0.001"/>
  <testcase name="E usuário informa observacao com o valor igual a &quot;&quot;" classname="Cenario: adicionar processo | POST" time="0"/>
  <testcase name="Quando usuário clicar no botão de salvar" classname="Cenario: adicionar processo | POST" time="0"/>
  <testcase name="Entao usuário deve ver a mensagem &quot;Usuário salvo com sucesso.&quot;" classname="Cenario: adicionar processo | POST" time="0"/>
  <testcase name="Cenario: adicionar processo | POST" classname="Cenario: adicionar processo | POST" time="0.001"/>
  <testcase name="Dado que o usuário gostaria de salvar um processo" classname="Cenario: mostrar processo | GET" time="0"/>
  <testcase name="E usuário informa vara com o valor igual a &quot;1&quot;" classname="Cenario: mostrar processo | GET" time="0"/>
  <testcase name="E usuário informa numero_processo com o valor igual a &quot;1&quot;" classname="Cenario: mostrar processo | GET" time="0.002"/>
  <testcase name="E usuário informa natureza  com o valor igual a &quot;Guarda&quot;" classname="Cenario: mostrar processo | GET" time="0"/>
  <testcase name="E usuário informa partes com o valor igual a &quot;Pedro x Livia&quot;" classname="Cenario: mostrar processo | GET" time="0"/>
  <testcase name="E usuário informa urgente com o valor igual a &quot;N&quot;" classname="Cenario: mostrar processo | GET" time="0"/>
  <testcase name="E usuário informa arbitramento com o valor igual a &quot;S&quot;" classname="Cenario: mostrar processo | GET" time="0"/>
  <testcase name="E usuário informa assistente_social com o valor igual a &quot;Lorival&quot;" classname="Cenario: mostrar processo | GET" time="0"/>
  <testcase name="E usuário informa data_entrada  com o valor igual a &quot;12/12/2020&quot;" classname="Cenario: mostrar processo | GET" time="0"/>
  <testcase name="E usuário informa data_saida com o valor igual a &quot;&quot;" classname="Cenario: mostrar processo | GET" time="0"/>
  <testcase name="E usuário informa data_agendamento com o valor igual a &quot;&quot;" classname="Cenario: mostrar processo | GET" time="0"/>
  <testcase name="E usuário informa status com o valor igual a &quot;Aguardando&quot;" classname="Cenario: mostrar processo | GET" time="0"/>
  <testcase name="E usuário informa observacao com o valor igual a &quot;&quot;" classname="Cenario: mostrar processo | GET" time="0"/>
  <testcase name="E usuário clicar no botão de salvar" classname="Cenario: mostrar processo | GET" time="0"/>
  <testcase name="Quando o usuário clicar em mostrar" classname="Cenario: mostrar processo | GET" time="0"/>
  <testcase name="Entao usuário deve ver a mensagem &quot;sucesso&quot;" classname="Cenario: mostrar processo | GET" time="0"/>
  <testcase name="Cenario: mostrar processo | GET" classname="Cenario: mostrar processo | GET" time="0"/>
  <testcase name="Dado que o usuário gostaria de salvar um processo" classname="Cenario: atualizar processo | PUT" time="0"/>
  <testcase name="E usuário informa vara com o valor igual a &quot;1&quot;" classname="Cenario: atualizar processo | PUT" time="0"/>
  <testcase name="E usuário informa numero_processo com o valor igual a &quot;1&quot;" classname="Cenario: atualizar processo | PUT" time="0"/>
  <testcase name="E usuário informa natureza  com o valor igual a &quot;Guarda&quot;" classname="Cenario: atualizar processo | PUT" time="0.002"/>
  <testcase name="E usuário informa partes com o valor igual a &quot;Pedro x Livia&quot;" classname="Cenario: atualizar processo | PUT" time="0"/>
  <testcase name="E usuário informa urgente com o valor igual a &quot;N&quot;" classname="Cenario: atualizar processo | PUT" time="0"/>
  <testcase name="E usuário informa arbitramento com o valor igual a &quot;S&quot;" classname="Cenario: atualizar processo | PUT" time="0"/>
  <testcase name="E usuário informa assistente_social com o valor igual a &quot;Lorival&quot;" classname="Cenario: atualizar processo | PUT" time="0"/>
  <testcase name="E usuário informa data_entrada  com o valor igual a &quot;12/12/2020&quot;" classname="Cenario: atualizar processo | PUT" time="0"/>
  <testcase name="E usuário informa data_saida com o valor igual a &quot;&quot;" classname="Cenario: atualizar processo | PUT" time="0"/>
  <testcase name="E usuário informa data_agendamento com o valor igual a &quot;&quot;" classname="Cenario: atualizar processo | PUT" time="0"/>
  <testcase name="E usuário informa status com o valor igual a &quot;Aguardando&quot;" classname="Cenario: atualizar processo | PUT" time="0"/>
  <testcase name="E usuário informa observacao com o valor igual a &quot;&quot;" classname="Cenario: atualizar processo | PUT" time="0"/>
  <testcase name="E usuário clicar no botão de salvar" classname="Cenario: atualizar processo | PUT" time="0"/>
  <testcase name="Quando alterar o campo &quot;assistente_social&quot; para o valor &quot;Merval&quot;" classname="Cenario: atualizar processo | PUT" time="0"/>
  <testcase name="E o usuário clicar em editar" classname="Cenario: atualizar processo | PUT" time="0.001"/>
  <testcase name="Entao usuário deve ver a mensagem &quot;sucesso&quot;" classname="Cenario: atualizar processo | PUT" time="0"/>
  <testcase name="Quando o usuário clicar em mostrar" classname="Cenario: atualizar processo | PUT" time="0"/>
  <testcase name="Entao o usuário visualiza o campo &quot;assistente_social&quot; com o valor &quot;Merval&quot;" classname="Cenario: atualizar processo | PUT" time="0"/>
  <testcase name="Cenario: atualizar processo | PUT" classname="Cenario: atualizar processo | PUT" time="0"/>
  <testcase name="Dado que o usuário gostaria de salvar um processo" classname="Cenario: remover processo | DELETE" time="0"/>
  <testcase name="E usuário informa vara com o valor igual a &quot;1&quot;" classname="Cenario: remover processo | DELETE" time="0.001"/>
  <testcase name="E usuário informa numero_processo com o valor igual a &quot;1&quot;" classname="Cenario: remover processo | DELETE" time="0.001"/>
  <testcase name="E usuário informa natureza  com o valor igual a &quot;Guarda&quot;" classname="Cenario: remover processo | DELETE" time="0"/>
  <testcase name="E usuário informa partes com o valor igual a &quot;Pedro x Livia&quot;" classname="Cenario: remover processo | DELETE" time="0"/>
  <testcase name="E usuário informa urgente com o valor igual a &quot;N&quot;" classname="Cenario: remover processo | DELETE" time="0"/>
  <testcase name="E usuário informa arbitramento com o valor igual a &quot;S&quot;" classname="Cenario: remover processo | DELETE" time="0.001"/>
  <testcase name="E usuário informa assistente_social com o valor igual a &quot;Lorival&quot;" classname="Cenario: remover processo | DELETE" time="0"/>
  <testcase name="E usuário informa data_entrada  com o valor igual a &quot;12/12/2020&quot;" classname="Cenario: remover processo | DELETE" time="0.001"/>
  <testcase name="E usuário informa data_saida com o valor igual a &quot;&quot;" classname="Cenario: remover processo | DELETE" time="0"/>
  <testcase name="E usuário informa data_agendamento com o valor igual a &quot;&quot;" classname="Cenario: remover processo | DELETE" time="0"/>
  <testcase name="E usuário informa status com o valor igual a &quot;Aguardando&quot;" classname="Cenario: remover processo | DELETE" time="0"/>
  <testcase name="E usuário informa observacao com o valor igual a &quot;&quot;" classname="Cenario: remover processo | DELETE" time="0"/>
  <testcase name="E usuário clicar no botão de salvar" classname="Cenario: remover processo | DELETE" time="0"/>
  <testcase name="Quando o usuario clicar em remover" classname="Cenario: remover processo | DELETE" time="0"/>
  <testcase name="Entao o usuario deve ver a mensagem &quot;sem conteúdo&quot;" classname="Cenario: remover processo | DELETE" time="0"/>
  <testcase name="Quando o usuário clicar em mostrar" classname="Cenario: remover processo | DELETE" time="0"/>
  <testcase name="Entao o usuario deve ver a mensagem &quot;não encontrado&quot;" classname="Cenario: remover processo | DELETE" time="0.001"/>
  <testcase name="Cenario: remover processo | DELETE" classname="Cenario: remover processo | DELETE" time="0.001"/>
  <testcase name="Dado que o usuário gostaria de salvar um processo" classname="| 1 | 1 | usucapião | Gilmar X Zaquel | S | S | Maria Isabel | 12/12/2020 | 12/12/2030 |  | Aguardando |  |" time="0"/>
  <testcase name="Dado que o usuário gostaria de salvar um processo" classname="| 1 | 1 | usucapião | Gilmar X Zaquel | S | S | Maria Isabel | 12/12/2020 | 12/12/2030 |  | Aguardando |  |" time="0"/>
  <testcase name="E usuário informa vara com o valor igual a &quot;1&quot;" classname="| 1 | 1 | usucapião | Gilmar X Zaquel | S | S | Maria Isabel | 12/12/2020 | 12/12/2030 |  | Aguardando |  |" time="0"/>
  <testcase name="E usuário informa vara com o valor igual a &quot;1&quot;" classname="| 1 | 1 | usucapião | Gilmar X Zaquel | S | S | Maria Isabel | 12/12/2020 | 12/12/2030 |  | Aguardando |  |" time="0.001"/>
  <testcase name="E usuário informa numero_processo com o valor igual a &quot;1&quot;" classname="| 1 | 1 | usucapião | Gilmar X Zaquel | S | S | Maria Isabel | 12/12/2020 | 12/12/2030 |  | Aguardando |  |" time="0"/>
  <testcase name="E usuário informa numero_processo com o valor igual a &quot;1&quot;" classname="| 1 | 1 | usucapião | Gilmar X Zaquel | S | S | Maria Isabel | 12/12/2020 | 12/12/2030 |  | Aguardando |  |" time="0"/>
  <testcase name="E usuário informa natureza  com o valor igual a &quot;Guarda&quot;" classname="| 1 | 1 | usucapião | Gilmar X Zaquel | S | S | Maria Isabel | 12/12/2020 | 12/12/2030 |  | Aguardando |  |" time="0"/>
  <testcase name="E usuário informa partes com o valor igual a &quot;Pedro x Livia&quot;" classname="| 1 | 1 | usucapião | Gilmar X Zaquel | S | S | Maria Isabel | 12/12/2020 | 12/12/2030 |  | Aguardando |  |" time="0"/>
  <testcase name="E usuário informa urgente com o valor igual a &quot;N&quot;" classname="| 1 | 1 | usucapião | Gilmar X Zaquel | S | S | Maria Isabel | 12/12/2020 | 12/12/2030 |  | Aguardando |  |" time="0"/>
  <testcase name="E usuário informa arbitramento com o valor igual a &quot;S&quot;" classname="| 1 | 1 | usucapião | Gilmar X Zaquel | S | S | Maria Isabel | 12/12/2020 | 12/12/2030 |  | Aguardando |  |" time="0.001"/>
  <testcase name="E usuário informa arbitramento com o valor igual a &quot;S&quot;" classname="| 1 | 1 | usucapião | Gilmar X Zaquel | S | S | Maria Isabel | 12/12/2020 | 12/12/2030 |  | Aguardando |  |" time="0"/>
  <testcase name="E usuário informa assistente_social com o valor igual a &quot;Lorival&quot;" classname="| 1 | 1 | usucapião | Gilmar X Zaquel | S | S | Maria Isabel | 12/12/2020 | 12/12/2030 |  | Aguardando |  |" time="0"/>
  <testcase name="E usuário informa data_entrada  com o valor igual a &quot;12/12/2020&quot;" classname="| 1 | 1 | usucapião | Gilmar X Zaquel | S | S | Maria Isabel | 12/12/2020 | 12/12/2030 |  | Aguardando |  |" time="0"/>
  <testcase name="E usuário informa data_entrada  com o valor igual a &quot;12/12/2020&quot;" classname="| 1 | 1 | usucapião | Gilmar X Zaquel | S | S | Maria Isabel | 12/12/2020 | 12/12/2030 |  | Aguardando |  |" time="0"/>
  <testcase name="E usuário informa data_saida com o valor igual a &quot;&quot;" classname="| 1 | 1 | usucapião | Gilmar X Zaquel | S | S | Maria Isabel | 12/12/2020 | 12/12/2030 |  | Aguardando |  |" time="0"/>
  <testcase name="E usuário informa data_agendamento com o valor igual a &quot;&quot;" classname="| 1 | 1 | usucapião | Gilmar X Zaquel | S | S | Maria Isabel | 12/12/2020 | 12/12/2030 |  | Aguardando |  |" time="0.007"/>
  <testcase name="E usuário informa data_agendamento com o valor igual a &quot;&quot;" classname="| 1 | 1 | usucapião | Gilmar X Zaquel | S | S | Maria Isabel | 12/12/2020 | 12/12/2030 |  | Aguardando |  |" time="0"/>
  <testcase name="E usuário informa status com o valor igual a &quot;Aguardando&quot;" classname="| 1 | 1 | usucapião | Gilmar X Zaquel | S | S | Maria Isabel | 12/12/2020 | 12/12/2030 |  | Aguardando |  |" time="0"/>
  <testcase name="E usuário informa status com o valor igual a &quot;Aguardando&quot;" classname="| 1 | 1 | usucapião | Gilmar X Zaquel | S | S | Maria Isabel | 12/12/2020 | 12/12/2030 |  | Aguardando |  |" time="0"/>
  <testcase name="E usuário informa observacao com o valor igual a &quot;&quot;" classname="| 1 | 1 | usucapião | Gilmar X Zaquel | S | S | Maria Isabel | 12/12/2020 | 12/12/2030 |  | Aguardando |  |" time="0"/>
  <testcase name="E usuário informa observacao com o valor igual a &quot;&quot;" classname="| 1 | 1 | usucapião | Gilmar X Zaquel | S | S | Maria Isabel | 12/12/2020 | 12/12/2030 |  | Aguardando |  |" time="0"/>
  <testcase name="E usuário informa natureza  com o valor igual a &quot;usucapião&quot;" classname="| 1 | 1 | usucapião | Gilmar X Zaquel | S | S | Maria Isabel | 12/12/2020 | 12/12/2030 |  | Aguardando |  |" time="0"/>
  <testcase name="E usuário informa partes com o valor igual a &quot;Gilmar X Zaquel&quot;" classname="| 1 | 1 | usucapião | Gilmar X Zaquel | S | S | Maria Isabel | 12/12/2020 | 12/12/2030 |  | Aguardando |  |" time="0"/>
  <testcase name="E usuário informa urgente com o valor igual a &quot;S&quot;" classname="| 1 | 1 | usucapião | Gilmar X Zaquel | S | S | Maria Isabel | 12/12/2020 | 12/12/2030 |  | Aguardando |  |" time="0"/>
  <testcase name="E usuário informa assistente_social com o valor igual a &quot;Maria Isabel&quot;" classname="| 1 | 1 | usucapião | Gilmar X Zaquel | S | S | Maria Isabel | 12/12/2020 | 12/12/2030 |  | Aguardando |  |" time="0"/>
  <testcase name="E usuário informa data_saida com o valor igual a &quot;12/12/2030&quot;" classname="| 1 | 1 | usucapião | Gilmar X Zaquel | S | S | Maria Isabel | 12/12/2020 | 12/12/2030 |  | Aguardando |  |" time="0"/>
  <testcase name="Quando usuário clicar no botão de salvar" classname="| 1 | 1 | usucapião | Gilmar X Zaquel | S | S | Maria Isabel | 12/12/2020 | 12/12/2030 |  | Aguardando |  |" time="0"/>
  <testcase name="Entao o usuario deve ver a mensagem &quot;Usuário salvo com sucesso.&quot;" classname="| 1 | 1 | usucapião | Gilmar X Zaquel | S | S | Maria Isabel | 12/12/2020 | 12/12/2030 |  | Aguardando |  |" time="0"/>
  <testcase name="| 1 | 1 | usucapião | Gilmar X Zaquel | S | S | Maria Isabel | 12/12/2020 | 12/12/2030 |  | Aguardando |  |" classname="| 1 | 1 | usucapião | Gilmar X Zaquel | S | S | Maria Isabel | 12/12/2020 | 12/12/2030 |  | Aguardando |  |" time="0.001"/>
  <testcase name="Dado que o usuário gostaria de salvar um processo" classname="| 2 | 2 | Separação | Gedeão X Cleide | S | S | Moacir Lopes | 13/12/2020 | 13/12/2030 |  | Aguardando |  |" time="0"/>
  <testcase name="Dado que o usuário gostaria de salvar um processo" classname="| 2 | 2 | Separação | Gedeão X Cleide | S | S | Moacir Lopes | 13/12/2020 | 13/12/2030 |  | Aguardando |  |" time="0"/>
  <testcase name="E usuário informa vara com o valor igual a &quot;1&quot;" classname="| 2 | 2 | Separação | Gedeão X Cleide | S | S | Moacir Lopes | 13/12/2020 | 13/12/2030 |  | Aguardando |  |" time="0"/>
  <testcase name="E usuário informa numero_processo com o valor igual a &quot;1&quot;" classname="| 2 | 2 | Separação | Gedeão X Cleide | S | S | Moacir Lopes | 13/12/2020 | 13/12/2030 |  | Aguardando |  |" time="0"/>
  <testcase name="E usuário informa natureza  com o valor igual a &quot;Guarda&quot;" classname="| 2 | 2 | Separação | Gedeão X Cleide | S | S | Moacir Lopes | 13/12/2020 | 13/12/2030 |  | Aguardando |  |" time="0"/>
  <testcase name="E usuário informa partes com o valor igual a &quot;Pedro x Livia&quot;" classname="| 2 | 2 | Separação | Gedeão X Cleide | S | S | Moacir Lopes | 13/12/2020 | 13/12/2030 |  | Aguardando |  |" time="0"/>
  <testcase name="E usuário informa urgente com o valor igual a &quot;N&quot;" classname="| 2 | 2 | Separação | Gedeão X Cleide | S | S | Moacir Lopes | 13/12/2020 | 13/12/2030 |  | Aguardando |  |" time="0"/>
  <testcase name="E usuário informa arbitramento com o valor igual a &quot;S&quot;" classname="| 2 | 2 | Separação | Gedeão X Cleide | S | S | Moacir Lopes | 13/12/2020 | 13/12/2030 |  | Aguardando |  |" time="0"/>
  <testcase name="E usuário informa arbitramento com o valor igual a &quot;S&quot;" classname="| 2 | 2 | Separação | Gedeão X Cleide | S | S | Moacir Lopes | 13/12/2020 | 13/12/2030 |  | Aguardando |  |" time="0"/>
  <testcase name="E usuário informa assistente_social com o valor igual a &quot;Lorival&quot;" classname="| 2 | 2 | Separação | Gedeão X Cleide | S | S | Moacir Lopes | 13/12/2020 | 13/12/2030 |  | Aguardando |  |" time="0"/>
  <testcase name="E usuário informa data_entrada  com o valor igual a &quot;12/12/2020&quot;" classname="| 2 | 2 | Separação | Gedeão X Cleide | S | S | Moacir Lopes | 13/12/2020 | 13/12/2030 |  | Aguardando |  |" time="0"/>
  <testcase name="E usuário informa data_saida com o valor igual a &quot;&quot;" classname="| 2 | 2 | Separação | Gedeão X Cleide | S | S | Moacir Lopes | 13/12/2020 | 13/12/2030 |  | Aguardando |  |" time="0"/>
  <testcase name="E usuário informa data_agendamento com o valor igual a &quot;&quot;" classname="| 2 | 2 | Separação | Gedeão X Cleide | S | S | Moacir Lopes | 13/12/2020 | 13/12/2030 |  | Aguardando |  |" time="0"/>
  <testcase name="E usuário informa data_agendamento com o valor igual a &quot;&quot;" classname="| 2 | 2 | Separação | Gedeão X Cleide | S | S | Moacir Lopes | 13/12/2020 | 13/12/2030 |  | Aguardando |  |" time="0"/>
  <testcase name="E usuário informa status com o valor igual a &quot;Aguardando&quot;" classname="| 2 | 2 | Separação | Gedeão X Cleide | S | S | Moacir Lopes | 13/12/2020 | 13/12/2030 |  | Aguardando |  |" time="0"/>
  <testcase name="E usuário informa status com o valor igual a &quot;Aguardando&quot;" classname="| 2 | 2 | Separação | Gedeão X Cleide | S | S | Moacir Lopes | 13/12/2020 | 13/12/2030 |  | Aguardando |  |" time="0"/>
  <testcase name="E usuário informa observacao com o valor igual a &quot;&quot;" classname="| 2 | 2 | Separação | Gedeão X Cleide | S | S | Moacir Lopes | 13/12/2020 | 13/12/2030 |  | Aguardando |  |" time="0"/>
  <testcase name="E usuário informa observacao com o valor igual a &quot;&quot;" classname="| 2 | 2 | Separação | Gedeão X Cleide | S | S | Moacir Lopes | 13/12/2020 | 13/12/2030 |  | Aguardando |  |" time="0.005"/>
  <testcase name="E usuário informa vara com o valor igual a &quot;2&quot;" classname="| 2 | 2 | Separação | Gedeão X Cleide | S | S | Moacir Lopes | 13/12/2020 | 13/12/2030 |  | Aguardando |  |" time="0"/>
  <testcase name="E usuário informa numero_processo com o valor igual a &quot;2&quot;" classname="| 2 | 2 | Separação | Gedeão X Cleide | S | S | Moacir Lopes | 13/12/2020 | 13/12/2030 |  | Aguardando |  |" time="0"/>
  <testcase name="E usuário informa natureza  com o valor igual a &quot;Separação&quot;" classname="| 2 | 2 | Separação | Gedeão X Cleide | S | S | Moacir Lopes | 13/12/2020 | 13/12/2030 |  | Aguardando |  |" time="0"/>
  <testcase name="E usuário informa partes com o valor igual a &quot;Gedeão X Cleide&quot;" classname="| 2 | 2 | Separação | Gedeão X Cleide | S | S | Moacir Lopes | 13/12/2020 | 13/12/2030 |  | Aguardando |  |" time="0"/>
  <testcase name="E usuário informa urgente com o valor igual a &quot;S&quot;" classname="| 2 | 2 | Separação | Gedeão X Cleide | S | S | Moacir Lopes | 13/12/2020 | 13/12/2030 |  | Aguardando |  |" time="0"/>
  <testcase name="E usuário informa assistente_social com o valor igual a &quot;Moacir Lopes&quot;" classname="| 2 | 2 | Separação | Gedeão X Cleide | S | S | Moacir Lopes | 13/12/2020 | 13/12/2030 |  | Aguardando |  |" time="0"/>
  <testcase name="E usuário informa data_entrada  com o valor igual a &quot;13/12/2020&quot;" classname="| 2 | 2 | Separação | Gedeão X Cleide | S | S | Moacir Lopes | 13/12/2020 | 13/12/2030 |  | Aguardando |  |" time="0"/>
  <testcase name="E usuário informa data_saida com o valor igual a &quot;13/12/2030&quot;" classname="| 2 | 2 | Separação | Gedeão X Cleide | S | S | Moacir Lopes | 13/12/2020 | 13/12/2030 |  | Aguardando |  |" time="0"/>
  <testcase name="Quando usuário clicar no botão de salvar" classname="| 2 | 2 | Separação | Gedeão X Cleide | S | S | Moacir Lopes | 13/12/2020 | 13/12/2030 |  | Aguardando |  |" time="0"/>
  <testcase name="Entao o usuario deve ver a mensagem &quot;Usuário salvo com sucesso.&quot;" classname="| 2 | 2 | Separação | Gedeão X Cleide | S | S | Moacir Lopes | 13/12/2020 | 13/12/2030 |  | Aguardando |  |" time="0"/>
  <testcase name="| 2 | 2 | Separação | Gedeão X Cleide | S | S | Moacir Lopes | 13/12/2020 | 13/12/2030 |  | Aguardando |  |" classname="| 2 | 2 | Separação | Gedeão X Cleide | S | S | Moacir Lopes | 13/12/2020 | 13/12/2030 |  | Aguardando |  |" time="0"/>
</testsuite>